/*C6*/SET SCHEMA PUBLIC
DELETE FROM STOCK_ITEM WHERE ID=1
INSERT INTO STOCK_ITEM VALUES(1,'neki',1.0E0,NULL,11111)
DELETE FROM STOCK_ITEM WHERE ID=2
INSERT INTO STOCK_ITEM VALUES(2,'tralala',1.0E0,NULL,111)
DELETE FROM STOCK_ITEM WHERE ID=3
INSERT INTO STOCK_ITEM VALUES(3,'lkjh',8.0E0,NULL,26)
COMMIT
INSERT INTO SOLD_ITEM VALUES(1,NULL,2,'tralala',1,1.0E0)
INSERT INTO SALE VALUES(0,'13:34:43','2023-11-21',1.0E0)
COMMIT
INSERT INTO STOCK_ITEM VALUES(4,'TRG',3.0E0,NULL,3)
COMMIT
DELETE FROM STOCK_ITEM WHERE ID=1
INSERT INTO STOCK_ITEM VALUES(1,'neki',1.0E0,NULL,12220)
COMMIT
INSERT INTO SALE VALUES(1,'13:35:40','2023-11-21',1.0E0)
DELETE FROM SOLD_ITEM WHERE ID=1
INSERT INTO SOLD_ITEM VALUES(1,NULL,1,'neki',1,1.0E0)
COMMIT
/*C7*/SET SCHEMA PUBLIC
DISCONNECT
